<?xml version="1.0" encoding="UTF-8"?>
<!-- Generated by org.testng.reporters.JUnitXMLReporter -->
<testsuite ignored="7" hostname="Sehribans-MBP-2" failures="0" tests="7" name="Command line test" time="5.426" errors="0" timestamp="2020-02-23T13:42:45 GMT">
  <testcase classname="com.testings.tests.GenderTest" name="genderTest" time="1.535"/>
  <testcase classname="com.testings.tests.InvalidGenderTest" name="invalidGender" time="0.649"/>
  <testcase classname="com.testings.tests.NoParamsTest" name="noParamsTest" time="0.631"/>
  <testcase classname="com.testings.tests.ThreeParamsTest" name="threeParams" time="0.559"/>
  <testcase classname="com.testings.tests.AmountAndRegionsTest" name="amountAndRegions" time="0.659"/>
  <testcase classname="com.testings.tests.GenderRegionTest" name="genderRegionTest" time="0.526"/>
  <testcase classname="com.testings.tests.InvalidRegionTest" name="invalidRegion" time="0.55"/>
  <testcase classname="com.testings.tests.TestBase" name="@BeforeTest setUpTest" time="0.0">
    <ignored/>
  </testcase> <!-- @BeforeTest setUpTest -->
  <testcase classname="com.testings.tests.TestBase" name="@BeforeTest setUpTest" time="0.0">
    <ignored/>
  </testcase> <!-- @BeforeTest setUpTest -->
  <testcase classname="com.testings.tests.TestBase" name="@BeforeTest setUpTest" time="0.0">
    <ignored/>
  </testcase> <!-- @BeforeTest setUpTest -->
  <testcase classname="com.testings.tests.TestBase" name="@BeforeTest setUpTest" time="0.0">
    <ignored/>
  </testcase> <!-- @BeforeTest setUpTest -->
  <testcase classname="com.testings.tests.TestBase" name="@BeforeTest setUpTest" time="0.0">
    <ignored/>
  </testcase> <!-- @BeforeTest setUpTest -->
  <testcase classname="com.testings.tests.TestBase" name="@BeforeTest setUpTest" time="0.0">
    <ignored/>
  </testcase> <!-- @BeforeTest setUpTest -->
  <testcase classname="com.testings.tests.TestBase" name="@BeforeTest setUpTest" time="0.0">
    <ignored/>
  </testcase> <!-- @BeforeTest setUpTest -->
</testsuite> <!-- Command line test -->
