<?xml version="1.0" encoding="UTF-8" ?>
<testsuite tests="7" failures="0" name="TestSuite" time="5.109" errors="0" skipped="0">
  <properties>
[...]
</properties>
  <testcase classname="com.testings.tests.GenderTest" name="genderTest" time="1.538"/>
  <testcase classname="com.testings.tests.InvalidGenderTest" name="invalidGender" time="0.649"/>
  <testcase classname="com.testings.tests.NoParamsTest" name="noParamsTest" time="0.63"/>
  <testcase classname="com.testings.tests.ThreeParamsTest" name="threeParams" time="0.559"/>
  <testcase classname="com.testings.tests.AmountAndRegionsTest" name="amountAndRegions" time="0.659"/>
  <testcase classname="com.testings.tests.GenderRegionTest" name="genderRegionTest" time="0.525"/>
  <testcase classname="com.testings.tests.InvalidRegionTest" name="invalidRegion" time="0.549"/>
</testsuite>